<?xml version="1.0" encoding="UTF-8"?>
<!-- Generated by org.testng.reporters.JUnitReportReporter -->
<testsuite hostname="jujkikio" name="DriverFactory.AppTest" tests="1" failures="0" timestamp="18 Dec 2019 04:42:39 GMT" time="44.156" errors="0">
  <testcase name="startTest" time="44.156" classname="DriverFactory.AppTest"/>
</testsuite> <!-- DriverFactory.AppTest -->
